<?xml version="1.0" encoding="UTF-8"?>
<testng-results ignored="0" total="1" passed="1" failed="0" skipped="0">
  <reporter-output>
  </reporter-output>
  <suite started-at="2022-12-11T20:04:21 IST" name="InetBankingV1" finished-at="2022-12-11T20:05:09 IST" duration-ms="48543">
    <groups>
    </groups>
    <test started-at="2022-12-11T20:04:21 IST" name="Test" finished-at="2022-12-11T20:05:09 IST" duration-ms="48543">
      <class name="com.inetBanking.testCases.TC_AddCustomerTest_003">
        <test-method is-config="true" signature="setup(java.lang.String)[pri:0, instance:com.inetBanking.testCases.TC_AddCustomerTest_003@478190fc]" started-at="2022-12-11T20:04:21 IST" name="setup" finished-at="2022-12-11T20:04:35 IST" duration-ms="14145" status="PASS">
          <params>
            <param index="0">
              <value>
                <![CDATA[edge]]>
              </value>
            </param>
          </params>
          <reporter-output>
          </reporter-output>
        </test-method> <!-- setup -->
        <test-method signature="addNewCustomer()[pri:0, instance:com.inetBanking.testCases.TC_AddCustomerTest_003@478190fc]" started-at="2022-12-11T20:04:35 IST" name="addNewCustomer" finished-at="2022-12-11T20:05:09 IST" duration-ms="33646" status="PASS">
          <reporter-output>
          </reporter-output>
        </test-method> <!-- addNewCustomer -->
        <test-method is-config="true" signature="tearDown()[pri:0, instance:com.inetBanking.testCases.TC_AddCustomerTest_003@478190fc]" started-at="2022-12-11T20:05:09 IST" name="tearDown" finished-at="2022-12-11T20:05:09 IST" duration-ms="177" status="PASS">
          <reporter-output>
          </reporter-output>
        </test-method> <!-- tearDown -->
      </class> <!-- com.inetBanking.testCases.TC_AddCustomerTest_003 -->
    </test> <!-- Test -->
  </suite> <!-- InetBankingV1 -->
</testng-results>
